<?xml version="1.0" encoding="UTF-8"?>
<testng-results skipped="0" failed="0" ignored="0" total="1" passed="1">
  <reporter-output>
  </reporter-output>
  <suite name="Default suite" duration-ms="10943" started-at="2017-11-15T23:09:45Z" finished-at="2017-11-15T23:09:56Z">
    <groups>
    </groups>
    <test name="Default test" duration-ms="10943" started-at="2017-11-15T23:09:45Z" finished-at="2017-11-15T23:09:56Z">
      <class name="Test_Cases.Web">
        <test-method status="PASS" signature="setUp()[pri:0, instance:Test_Cases.Web@47c62251]" name="setUp" is-config="true" duration-ms="8218" started-at="2017-11-15T18:09:45Z" finished-at="2017-11-15T18:09:53Z">
          <reporter-output>
          </reporter-output>
        </test-method> <!-- setUp -->
        <test-method status="PASS" signature="Web_Application()[pri:0, instance:Test_Cases.Web@47c62251]" name="Web_Application" duration-ms="1688" started-at="2017-11-15T18:09:53Z" finished-at="2017-11-15T18:09:55Z">
          <reporter-output>
          </reporter-output>
        </test-method> <!-- Web_Application -->
        <test-method status="PASS" signature="tear_down()[pri:0, instance:Test_Cases.Web@47c62251]" name="tear_down" is-config="true" duration-ms="1016" started-at="2017-11-15T18:09:55Z" finished-at="2017-11-15T18:09:56Z">
          <reporter-output>
          </reporter-output>
        </test-method> <!-- tear_down -->
      </class> <!-- Test_Cases.Web -->
    </test> <!-- Default test -->
  </suite> <!-- Default suite -->
</testng-results>
